Python 3.8.10
/usr/bin/python3
# conda environments:
#
base                     /modules/apps/miniconda/4.8.3
jupyterhub-stable        /modules/apps/miniconda/4.8.3/envs/jupyterhub-stable
f2f                   *  /work/albertl_uri_edu/.conda/envs/f2f
f2f_2                    /work/albertl_uri_edu/.conda/envs/f2f_2
sm                       /work/albertl_uri_edu/.conda/envs/sm

Python 3.10.4
/work/albertl_uri_edu/.conda/envs/f2f/bin/python3
Package            Version
------------------ ---------
Bottleneck         1.3.5
brotlipy           0.7.0
certifi            2022.6.15
cffi               1.15.0
charset-normalizer 2.0.4
cryptography       37.0.1
cycler             0.11.0
DateTime           4.4
fonttools          4.32.0
hydroeval          0.1.0
idna               3.3
kiwisolver         1.4.2
matplotlib         3.5.1
mkl-fft            1.3.1
mkl-random         1.2.2
mkl-service        2.4.0
numexpr            2.8.3
numpy              1.22.3
packaging          21.3
pandas             1.4.2
Pillow             9.1.0
pip                22.1.2
pycparser          2.21
pyOpenSSL          22.0.0
pyparsing          3.0.4
PySocks            1.7.1
python-dateutil    2.8.2
pytz               2022.1
requests           2.28.1
setuptools         61.2.0
six                1.16.0
torch              1.11.0
torchaudio         0.12.0
torchvision        0.12.0
typing_extensions  4.1.1
urllib3            1.26.9
wheel              0.37.1
zope.interface     5.4.0
# packages in environment at /work/albertl_uri_edu/.conda/envs/f2f:
#
# Name                    Version                   Build  Channel
_libgcc_mutex             0.1                        main  
_openmp_mutex             5.1                       1_gnu  
blas                      1.0                         mkl  
bottleneck                1.3.5           py310ha9d4c09_0  
brotlipy                  0.7.0           py310h7f8727e_1002  
bzip2                     1.0.8                h7b6447c_0  
ca-certificates           2022.4.26            h06a4308_0  
certifi                   2022.6.15       py310h06a4308_0  
cffi                      1.15.0          py310hd667e15_1  
charset-normalizer        2.0.4              pyhd3eb1b0_0  
cryptography              37.0.1          py310h9ce1e76_0  
cudatoolkit               11.3.1               h2bc3f7f_2  
ffmpeg                    4.3                  hf484d3e_0    pytorch
freetype                  2.11.0               h70c0345_0  
giflib                    5.2.1                h7b6447c_0  
gmp                       6.2.1                h295c915_3  
gnutls                    3.6.15               he1e5248_0  
hydroeval                 0.1.0                    pypi_0    pypi
idna                      3.3                pyhd3eb1b0_0  
intel-openmp              2021.4.0          h06a4308_3561  
jpeg                      9e                   h7f8727e_0  
lame                      3.100                h7b6447c_0  
lcms2                     2.12                 h3be6417_0  
ld_impl_linux-64          2.38                 h1181459_1  
libffi                    3.3                  he6710b0_2  
libgcc-ng                 11.2.0               h1234567_1  
libgomp                   11.2.0               h1234567_1  
libiconv                  1.16                 h7f8727e_2  
libidn2                   2.3.2                h7f8727e_0  
libpng                    1.6.37               hbc83047_0  
libstdcxx-ng              11.2.0               h1234567_1  
libtasn1                  4.16.0               h27cfd23_0  
libtiff                   4.2.0                h2818925_1  
libunistring              0.9.10               h27cfd23_0  
libuuid                   1.0.3                h7f8727e_2  
libwebp                   1.2.2                h55f646e_0  
libwebp-base              1.2.2                h7f8727e_0  
lz4-c                     1.9.3                h295c915_1  
mkl                       2021.4.0           h06a4308_640  
mkl-service               2.4.0           py310h7f8727e_0  
mkl_fft                   1.3.1           py310hd6ae3a3_0  
mkl_random                1.2.2           py310h00e6091_0  
ncurses                   6.3                  h5eee18b_3  
nettle                    3.7.3                hbbd107a_1  
numexpr                   2.8.3           py310hcea2de6_0  
numpy                     1.22.3          py310hfa59a62_0  
numpy-base                1.22.3          py310h9585f30_0  
openh264                  2.1.1                h4ff587b_0  
openssl                   1.1.1q               h7f8727e_0  
packaging                 21.3               pyhd3eb1b0_0  
pandas                    1.4.3           py310h6a678d5_0  
pillow                    9.2.0           py310hace64e9_1  
pip                       22.1.2          py310h06a4308_0  
pycparser                 2.21               pyhd3eb1b0_0  
pyopenssl                 22.0.0             pyhd3eb1b0_0  
pyparsing                 3.0.4              pyhd3eb1b0_0  
pysocks                   1.7.1           py310h06a4308_0  
python                    3.10.4               h12debd9_0  
python-dateutil           2.8.2              pyhd3eb1b0_0  
pytorch                   1.12.0          py3.10_cuda11.3_cudnn8.3.2_0    pytorch
pytorch-mutex             1.0                        cuda    pytorch
pytz                      2022.1          py310h06a4308_0  
readline                  8.1.2                h7f8727e_1  
requests                  2.28.1          py310h06a4308_0  
setuptools                61.2.0          py310h06a4308_0  
six                       1.16.0             pyhd3eb1b0_1  
sqlite                    3.38.5               hc218d9a_0  
tk                        8.6.12               h1ccaba5_0  
torchaudio                0.12.0              py310_cu113    pytorch
torchvision               0.13.0              py310_cu113    pytorch
typing_extensions         4.1.1              pyh06a4308_0  
tzdata                    2022a                hda174b7_0  
urllib3                   1.26.9          py310h06a4308_0  
wheel                     0.37.1             pyhd3eb1b0_0  
xz                        5.2.5                h7f8727e_1  
zlib                      1.2.12               h7f8727e_2  
zstd                      1.5.2                ha4553b6_0  
/work/albertl_uri_edu/fluxtoflow/files_for_paper/run.py:27: RankWarning: Polyfit may be poorly conditioned
  rsq,kge,nse = f2f(x[0],x[1],x[2],x[3],
/work/albertl_uri_edu/fluxtoflow/files_for_paper/run.py:27: RankWarning: Polyfit may be poorly conditioned
  rsq,kge,nse = f2f(x[0],x[1],x[2],x[3],
/work/albertl_uri_edu/fluxtoflow/files_for_paper/run.py:27: RankWarning: Polyfit may be poorly conditioned
  rsq,kge,nse = f2f(x[0],x[1],x[2],x[3],
/work/albertl_uri_edu/fluxtoflow/files_for_paper/run.py:27: RankWarning: Polyfit may be poorly conditioned
  rsq,kge,nse = f2f(x[0],x[1],x[2],x[3],
/work/albertl_uri_edu/fluxtoflow/files_for_paper/run.py:27: RankWarning: Polyfit may be poorly conditioned
  rsq,kge,nse = f2f(x[0],x[1],x[2],x[3],
/work/albertl_uri_edu/fluxtoflow/files_for_paper/run.py:27: RankWarning: Polyfit may be poorly conditioned
  rsq,kge,nse = f2f(x[0],x[1],x[2],x[3],
/work/albertl_uri_edu/fluxtoflow/files_for_paper/run.py:27: RankWarning: Polyfit may be poorly conditioned
  rsq,kge,nse = f2f(x[0],x[1],x[2],x[3],
